<?xml version="1.0" encoding="UTF-8"?>
<!-- Generated by org.testng.reporters.JUnitReportReporter -->
<testsuite hostname="MININT-3U4P43Q" name="org.jlayer.app.PartyTest" tests="5" failures="0" timestamp="13 May 2016 16:30:25 GMT" time="93.983" errors="0">
  <testcase name="test1_ME_A_B" time="9.400" classname="org.jlayer.app.PartyTest"/>
  <testcase name="testCreateNetwork" time="0.190" classname="org.jlayer.app.PartyTest"/>
  <testcase name="test1_A_Me_B" time="76.654" classname="org.jlayer.app.PartyTest"/>
  <testcase name="test2_A_Me_B" time="7.720" classname="org.jlayer.app.PartyTest"/>
  <testcase name="testInitNetwork" time="0.019" classname="org.jlayer.app.PartyTest"/>
</testsuite> <!-- org.jlayer.app.PartyTest -->
