<?xml version="1.0" encoding="UTF-8"?>
<!-- Generated by org.testng.reporters.JUnitReportReporter -->
<testsuite hostname="Remise-2020" failures="0" tests="1" name="org.jlayer.app.LifeTest" time="0,003" errors="0" timestamp="12 Apr 2022 17:27:39 GMT">
  <testcase classname="org.jlayer.app.LifeTest" name="test" time="0,003"/>
</testsuite>
